<?xml version="1.0" encoding="UTF-8"?>
<!-- Generated by org.testng.reporters.JUnitReportReporter -->
<testsuite hostname="DESKTOP-VE1VT8L" failures="0" tests="1" name="tests.SignInTest" time="35.541" errors="0" timestamp="2023-01-23T00:52:43 EST" skipped="0">
  <testcase classname="tests.SignInTest" name="signin" time="35.541"/>
  <system-out/>
</testsuite> <!-- tests.SignInTest -->
