<?xml version="1.0" encoding="UTF-8"?>
<!-- Generated by org.testng.reporters.JUnitReportReporter -->
<testsuite hostname="DESKTOP-VE1VT8L" failures="0" tests="1" name="tests.LoginTest" time="19.797" errors="0" timestamp="2023-01-22T20:17:42 EST" skipped="0">
  <testcase classname="tests.LoginTest" name="login" time="19.797"/>
  <system-out/>
</testsuite> <!-- tests.LoginTest -->
