<?xml version="1.0" encoding="UTF-8"?>
<!-- Generated by org.testng.reporters.JUnitReportReporter -->
<testsuite hostname="DESKTOP-VE1VT8L" failures="0" tests="3" name="tests.RegistrationTest" time="80.256" errors="0" timestamp="2023-01-23T10:15:56 EST" skipped="0">
  <testcase classname="tests.RegistrationTest" name="registration" time="20.789"/>
  <system-out/>
  <testcase classname="tests.RegistrationTest" name="registration" time="38.478"/>
  <system-out/>
  <testcase classname="tests.RegistrationTest" name="registration" time="20.989"/>
  <system-out/>
</testsuite> <!-- tests.RegistrationTest -->
